# JRE version: OpenJDK Runtime Environment (8.0_121-b13) (build 1.8.0_121-8u121-b13-0ubuntu1.16.04.2-b13)
# Java VM: OpenJDK 64-Bit Server VM (25.121-b13 mixed mode linux-amd64 compressed oops)
Heap:
 PSYoungGen      total 836608K, used 720004K [0x000000076ca00000, 0x00000007bea00000, 0x00000007c0000000)
  eden space 825344K, 87% used [0x000000076ca00000,0x000000079884e630,0x000000079f000000)
  from space 11264K, 7% used [0x000000079f000000,0x000000079f0d2bf8,0x000000079fb00000)
  to   space 11264K, 0% used [0x00000007bdf00000,0x00000007bdf00000,0x00000007bea00000)
 ParOldGen       total 172032K, used 6443K [0x00000006c5e00000, 0x00000006d0600000, 0x000000076ca00000)
  object space 172032K, 3% used [0x00000006c5e00000,0x00000006c644ae18,0x00000006d0600000)
 Metaspace       used 16398K, capacity 18780K, committed 18944K, reserved 1064960K
  class space    used 1880K, capacity 2461K, committed 2560K, reserved 1048576K
GC Heap History (10 events):
Event: 2,407 GC heap before
{Heap before GC invocations=7 (full 0):
 PSYoungGen      total 267264K, used 263523K [0x000000076ca00000, 0x000000077d900000, 0x00000007c0000000)
  eden space 258048K, 100% used [0x000000076ca00000,0x000000077c600000,0x000000077c600000)
  from space 9216K, 59% used [0x000000077d000000,0x000000077d558d20,0x000000077d900000)
  to   space 9728K, 0% used [0x000000077c600000,0x000000077c600000,0x000000077cf80000)
 ParOldGen       total 172032K, used 48K [0x00000006c5e00000, 0x00000006d0600000, 0x000000076ca00000)
  object space 172032K, 0% used [0x00000006c5e00000,0x00000006c5e0c000,0x00000006d0600000)
 Metaspace       used 14676K, capacity 16498K, committed 16768K, reserved 1064960K
  class space    used 1659K, capacity 2112K, committed 2176K, reserved 1048576K
Event: 2,414 GC heap after
Heap after GC invocations=7 (full 0):
 PSYoungGen      total 267776K, used 768K [0x000000076ca00000, 0x000000078d700000, 0x00000007c0000000)
  eden space 258048K, 0% used [0x000000076ca00000,0x000000076ca00000,0x000000077c600000)
  from space 9728K, 7% used [0x000000077c600000,0x000000077c6c0020,0x000000077cf80000)
  to   space 10752K, 0% used [0x000000078cc80000,0x000000078cc80000,0x000000078d700000)
 ParOldGen       total 172032K, used 4905K [0x00000006c5e00000, 0x00000006d0600000, 0x000000076ca00000)
  object space 172032K, 2% used [0x00000006c5e00000,0x00000006c62ca650,0x00000006d0600000)
 Metaspace       used 14676K, capacity 16498K, committed 16768K, reserved 1064960K
  class space    used 1659K, capacity 2112K, committed 2176K, reserved 1048576K
}
Event: 2,464 GC heap before
{Heap before GC invocations=8 (full 0):
 PSYoungGen      total 267776K, used 258816K [0x000000076ca00000, 0x000000078d700000, 0x00000007c0000000)
  eden space 258048K, 100% used [0x000000076ca00000,0x000000077c600000,0x000000077c600000)
  from space 9728K, 7% used [0x000000077c600000,0x000000077c6c0020,0x000000077cf80000)
  to   space 10752K, 0% used [0x000000078cc80000,0x000000078cc80000,0x000000078d700000)
 ParOldGen       total 172032K, used 4905K [0x00000006c5e00000, 0x00000006d0600000, 0x000000076ca00000)
  object space 172032K, 2% used [0x00000006c5e00000,0x00000006c62ca650,0x00000006d0600000)
 Metaspace       used 14681K, capacity 16498K, committed 16768K, reserved 1064960K
  class space    used 1659K, capacity 2112K, committed 2176K, reserved 1048576K
Event: 2,465 GC heap after
Heap after GC invocations=8 (full 0):
 PSYoungGen      total 526336K, used 670K [0x000000076ca00000, 0x000000078d800000, 0x00000007c0000000)
  eden space 515584K, 0% used [0x000000076ca00000,0x000000076ca00000,0x000000078c180000)
  from space 10752K, 6% used [0x000000078cc80000,0x000000078cd27b00,0x000000078d700000)
  to   space 11264K, 0% used [0x000000078c180000,0x000000078c180000,0x000000078cc80000)
 ParOldGen       total 172032K, used 5202K [0x00000006c5e00000, 0x00000006d0600000, 0x000000076ca00000)
  object space 172032K, 3% used [0x00000006c5e00000,0x00000006c63148f0,0x00000006d0600000)
 Metaspace       used 14681K, capacity 16498K, committed 16768K, reserved 1064960K
  class space    used 1659K, capacity 2112K, committed 2176K, reserved 1048576K
}
Event: 2,534 GC heap before
{Heap before GC invocations=9 (full 0):
 PSYoungGen      total 526336K, used 516254K [0x000000076ca00000, 0x000000078d800000, 0x00000007c0000000)
  eden space 515584K, 100% used [0x000000076ca00000,0x000000078c180000,0x000000078c180000)
  from space 10752K, 6% used [0x000000078cc80000,0x000000078cd27b00,0x000000078d700000)
  to   space 11264K, 0% used [0x000000078c180000,0x000000078c180000,0x000000078cc80000)
 ParOldGen       total 172032K, used 5202K [0x00000006c5e00000, 0x00000006d0600000, 0x000000076ca00000)
  object space 172032K, 3% used [0x00000006c5e00000,0x00000006c63148f0,0x00000006d0600000)
 Metaspace       used 14685K, capacity 16498K, committed 16768K, reserved 1064960K
  class space    used 1659K, capacity 2112K, committed 2176K, reserved 1048576K
Event: 2,535 GC heap after
Heap after GC invocations=9 (full 0):
 PSYoungGen      total 526848K, used 862K [0x000000076ca00000, 0x00000007a0600000, 0x00000007c0000000)
  eden space 515584K, 0% used [0x000000076ca00000,0x000000076ca00000,0x000000078c180000)
  from space 11264K, 7% used [0x000000078c180000,0x000000078c257b20,0x000000078cc80000)
  to   space 11264K, 0% used [0x000000079fb00000,0x000000079fb00000,0x00000007a0600000)
 ParOldGen       total 172032K, used 5319K [0x00000006c5e00000, 0x00000006d0600000, 0x000000076ca00000)
  object space 172032K, 3% used [0x00000006c5e00000,0x00000006c6331f88,0x00000006d0600000)
 Metaspace       used 14685K, capacity 16498K, committed 16768K, reserved 1064960K
  class space    used 1659K, capacity 2112K, committed 2176K, reserved 1048576K
}
Event: 2,620 GC heap before
{Heap before GC invocations=10 (full 0):
 PSYoungGen      total 526848K, used 516446K [0x000000076ca00000, 0x00000007a0600000, 0x00000007c0000000)
  eden space 515584K, 100% used [0x000000076ca00000,0x000000078c180000,0x000000078c180000)
  from space 11264K, 7% used [0x000000078c180000,0x000000078c257b20,0x000000078cc80000)
  to   space 11264K, 0% used [0x000000079fb00000,0x000000079fb00000,0x00000007a0600000)
 ParOldGen       total 172032K, used 5319K [0x00000006c5e00000, 0x00000006d0600000, 0x000000076ca00000)
  object space 172032K, 3% used [0x00000006c5e00000,0x00000006c6331f88,0x00000006d0600000)
 Metaspace       used 14713K, capacity 16506K, committed 16768K, reserved 1064960K
  class space    used 1661K, capacity 2115K, committed 2176K, reserved 1048576K
Event: 2,621 GC heap after
Heap after GC invocations=10 (full 0):
 PSYoungGen      total 836608K, used 918K [0x000000076ca00000, 0x00000007a0600000, 0x00000007c0000000)
  eden space 825344K, 0% used [0x000000076ca00000,0x000000076ca00000,0x000000079f000000)
  from space 11264K, 8% used [0x000000079fb00000,0x000000079fbe58d8,0x00000007a0600000)
  to   space 11264K, 0% used [0x000000079f000000,0x000000079f000000,0x000000079fb00000)
 ParOldGen       total 172032K, used 5781K [0x00000006c5e00000, 0x00000006d0600000, 0x000000076ca00000)
  object space 172032K, 3% used [0x00000006c5e00000,0x00000006c63a57e0,0x00000006d0600000)
 Metaspace       used 14713K, capacity 16506K, committed 16768K, reserved 1064960K
  class space    used 1661K, capacity 2115K, committed 2176K, reserved 1048576K
}
Event: 2,747 GC heap before
{Heap before GC invocations=11 (full 0):
 PSYoungGen      total 836608K, used 826262K [0x000000076ca00000, 0x00000007a0600000, 0x00000007c0000000)
  eden space 825344K, 100% used [0x000000076ca00000,0x000000079f000000,0x000000079f000000)
  from space 11264K, 8% used [0x000000079fb00000,0x000000079fbe58d8,0x00000007a0600000)
  to   space 11264K, 0% used [0x000000079f000000,0x000000079f000000,0x000000079fb00000)
 ParOldGen       total 172032K, used 5781K [0x00000006c5e00000, 0x00000006d0600000, 0x000000076ca00000)
  object space 172032K, 3% used [0x00000006c5e00000,0x00000006c63a57e0,0x00000006d0600000)
 Metaspace       used 14749K, capacity 16608K, committed 16768K, reserved 1064960K
  class space    used 1664K, capacity 2148K, committed 2176K, reserved 1048576K
Event: 2,749 GC heap after
Heap after GC invocations=11 (full 0):
 PSYoungGen      total 836608K, used 842K [0x000000076ca00000, 0x00000007bea00000, 0x00000007c0000000)
  eden space 825344K, 0% used [0x000000076ca00000,0x000000076ca00000,0x000000079f000000)
  from space 11264K, 7% used [0x000000079f000000,0x000000079f0d2bf8,0x000000079fb00000)
  to   space 11264K, 0% used [0x00000007bdf00000,0x00000007bdf00000,0x00000007bea00000)
 ParOldGen       total 172032K, used 6443K [0x00000006c5e00000, 0x00000006d0600000, 0x000000076ca00000)
  object space 172032K, 3% used [0x00000006c5e00000,0x00000006c644ae18,0x00000006d0600000)
 Metaspace       used 14749K, capacity 16608K, committed 16768K, reserved 1064960K
  class space    used 1664K, capacity 2148K, committed 2176K, reserved 1048576K
}

